<?xml version="1.0" encoding="UTF-8"?>
<!-- Generated by org.testng.reporters.JUnitReportReporter -->
<testsuite skipped="0" hostname="ussr-Latitude-E5440" name="com.Test.TestNGDemo" tests="2" failures="0" timestamp="20 Jun 2018 00:42:10 GMT" time="0.037" errors="0">
  <testcase name="secondOne" time="0.016" classname="com.Test.TestNGDemo"/>
  <testcase name="testOne" time="0.021" classname="com.Test.TestNGDemo"/>
</testsuite> <!-- com.Test.TestNGDemo -->
