<?xml version="1.0" encoding="UTF-8"?>
<!-- Generated by org.testng.reporters.JUnitReportReporter -->
<testsuite skipped="0" hostname="ussr-Latitude-E5440" name="com.Test.UnitTest" tests="1" failures="0" timestamp="20 Jun 2018 00:09:24 GMT" time="0.040" errors="0">
  <testcase name="addTest" time="0.040" classname="com.Test.UnitTest"/>
</testsuite> <!-- com.Test.UnitTest -->
