<?xml version="1.0" encoding="UTF-8"?>
<!-- Generated by org.testng.reporters.JUnitReportReporter -->
<testsuite skipped="0" hostname="ussr-Latitude-E5440" name="com.cyberFrameWork.iframeTest" tests="1" failures="0" timestamp="07 Jul 2018 18:34:43 GMT" time="8.027" errors="0">
  <testcase name="iframetest" time="8.027" classname="com.cyberFrameWork.iframeTest"/>
</testsuite> <!-- com.cyberFrameWork.iframeTest -->
