<?xml version="1.0" encoding="UTF-8"?>
<!-- Generated by org.testng.reporters.JUnitReportReporter -->
<testsuite skipped="4" hostname="ussr-Latitude-E5440" name="com.FileUploads_Actions.ActionsExamples" tests="5" failures="0" timestamp="04 Jul 2018 02:59:11 GMT" time="0.008" errors="0">
  <testcase name="parseString" time="0.008" classname="com.FileUploads_Actions.ActionsExamples"/>
  <testcase name="dragDroptest1" classname="com.FileUploads_Actions.ActionsExamples">
    <skipped/>
  </testcase> <!-- dragDroptest1 -->
  <testcase name="hoverTest2" classname="com.FileUploads_Actions.ActionsExamples">
    <skipped/>
  </testcase> <!-- hoverTest2 -->
  <testcase name="hoverTest1" classname="com.FileUploads_Actions.ActionsExamples">
    <skipped/>
  </testcase> <!-- hoverTest1 -->
  <testcase name="doubleClickTest" classname="com.FileUploads_Actions.ActionsExamples">
    <skipped/>
  </testcase> <!-- doubleClickTest -->
</testsuite> <!-- com.FileUploads_Actions.ActionsExamples -->
