<?xml version="1.0" encoding="UTF-8"?>
<!-- Generated by org.testng.reporters.JUnitReportReporter -->
<testsuite skipped="0" hostname="ussr-Latitude-E5440" name="com.amazon.AmazonTestCases" tests="3" failures="0" timestamp="23 Jun 2018 08:49:11 GMT" time="64.989" errors="0">
  <testcase name="amazonSearch1" time="15.453" classname="com.amazon.AmazonTestCases"/>
  <testcase name="amazonSearch3" time="36.608" classname="com.amazon.AmazonTestCases"/>
  <testcase name="amazonSearch2" time="12.928" classname="com.amazon.AmazonTestCases"/>
</testsuite> <!-- com.amazon.AmazonTestCases -->
