<?xml version="1.0" encoding="UTF-8"?>
<!-- Generated by org.testng.reporters.JUnitReportReporter -->
<testsuite skipped="0" hostname="ussr-Latitude-E5440" name="com.FileUploads.FileUploadExamples" tests="1" failures="0" timestamp="03 Jul 2018 23:58:19 GMT" time="5.508" errors="0">
  <testcase name="testDileUpload" time="5.508" classname="com.FileUploads.FileUploadExamples"/>
</testsuite> <!-- com.FileUploads.FileUploadExamples -->
