<?xml version="1.0" encoding="UTF-8"?>
<!-- Generated by org.testng.reporters.JUnitReportReporter -->
<testsuite skipped="1" hostname="ussr-Latitude-E5440" name="com.cyberFrameWork.PopupExamples" tests="2" failures="0" timestamp="07 Jul 2018 16:23:19 GMT" time="3.404" errors="0">
  <testcase name="htmlPopUps" time="3.404" classname="com.cyberFrameWork.PopupExamples"/>
  <testcase name="jsAlertTest" classname="com.cyberFrameWork.PopupExamples">
    <skipped/>
  </testcase> <!-- jsAlertTest -->
</testsuite> <!-- com.cyberFrameWork.PopupExamples -->
