<?xml version="1.0" encoding="UTF-8"?>
<!-- Generated by org.testng.reporters.JUnitReportReporter -->
<testsuite skipped="0" hostname="ussr-Latitude-E5440" name="com.cyberFrameWork.switchTowindow" tests="1" failures="0" timestamp="07 Jul 2018 20:11:43 GMT" time="8.117" errors="0">
  <testcase name="switchByTitleTest" time="8.117" classname="com.cyberFrameWork.switchTowindow"/>
</testsuite> <!-- com.cyberFrameWork.switchTowindow -->
