<?xml version="1.0" encoding="UTF-8"?>
<!-- Generated by org.testng.reporters.JUnitReportReporter -->
<testsuite skipped="0" hostname="ussr-Latitude-E5440" name="com.amazon.AmazonTestCases" tests="3" failures="0" timestamp="23 Jun 2018 09:14:56 GMT" time="61.875" errors="0">
  <testcase name="amazonSearch1" time="13.443" classname="com.amazon.AmazonTestCases"/>
  <testcase name="amazonSearch3" time="34.029" classname="com.amazon.AmazonTestCases"/>
  <testcase name="amazonSearch2" time="14.403" classname="com.amazon.AmazonTestCases"/>
</testsuite> <!-- com.amazon.AmazonTestCases -->
