<?xml version="1.0" encoding="UTF-8"?>
<!-- Generated by org.testng.reporters.JUnitReportReporter -->
<testsuite skipped="0" hostname="ussr-Latitude-E5440" name="com.amazon.AmazonTestCases" tests="1" failures="0" timestamp="23 Jun 2018 08:45:01 GMT" time="71.270" errors="0">
  <testcase name="amazonSearch3" time="71.270" classname="com.amazon.AmazonTestCases"/>
</testsuite> <!-- com.amazon.AmazonTestCases -->
