<?xml version="1.0" encoding="UTF-8"?>
<!-- Generated by org.testng.reporters.JUnitReportReporter -->
<testsuite skipped="0" hostname="ussr-Latitude-E5440" name="com.amazon.ListAmazonResults" tests="1" failures="0" timestamp="30 Jun 2018 15:40:08 GMT" time="16.712" errors="0">
  <testcase name="getAllProducts" time="16.712" classname="com.amazon.ListAmazonResults"/>
</testsuite> <!-- com.amazon.ListAmazonResults -->
