<?xml version="1.0" encoding="UTF-8"?>
<!-- Generated by org.testng.reporters.JUnitReportReporter -->
<testsuite skipped="0" hostname="ussr-Latitude-E5440" name="pomdesign.WebOrdersTest" tests="2" failures="0" timestamp="08 Jul 2018 20:58:20 GMT" time="5.422" errors="0">
  <testcase name="labelsVerification" time="2.414" classname="pomdesign.WebOrdersTest"/>
  <testcase name="availableProductsTest" time="3.008" classname="pomdesign.WebOrdersTest"/>
</testsuite> <!-- pomdesign.WebOrdersTest -->
