<?xml version="1.0" encoding="UTF-8"?>
<!-- Generated by org.testng.reporters.JUnitReportReporter -->
<testsuite skipped="0" hostname="ussr-Latitude-E5440" name="pomdesign.OrderPageTest" tests="3" failures="0" timestamp="09 Jul 2018 19:01:10 GMT" time="4.302" errors="0">
  <testcase name="goToOrderPage" time="1.442" classname="pomdesign.OrderPageTest"/>
  <testcase name="processTheLoginPage" time="1.957" classname="pomdesign.OrderPageTest"/>
  <testcase name="allOrdersVerification" time="0.903" classname="pomdesign.OrderPageTest"/>
</testsuite> <!-- pomdesign.OrderPageTest -->
