<?xml version="1.0" encoding="UTF-8"?>
<!-- Generated by org.testng.reporters.JUnitReportReporter -->
<testsuite skipped="0" hostname="ussr-Latitude-E5440" name="com.WebTables.WebTables" tests="2" failures="0" timestamp="30 Jun 2018 20:47:05 GMT" time="7.098" errors="0">
  <testcase name="applicantsData" time="5.412" classname="com.WebTables.WebTables"/>
  <testcase name="readScores" time="1.686" classname="com.WebTables.WebTables"/>
</testsuite> <!-- com.WebTables.WebTables -->
