<?xml version="1.0" encoding="UTF-8"?>
<!-- Generated by org.testng.reporters.JUnitReportReporter -->
<testsuite skipped="0" hostname="ussr-Latitude-E5440" name="com.WebTables.WebTablesHw" tests="1" failures="0" timestamp="30 Jun 2018 21:45:20 GMT" time="32.033" errors="0">
  <testcase name="readScores" time="32.033" classname="com.WebTables.WebTablesHw"/>
</testsuite> <!-- com.WebTables.WebTablesHw -->
