<?xml version="1.0" encoding="UTF-8"?>
<!-- Generated by org.testng.reporters.JUnitReportReporter -->
<testsuite skipped="0" hostname="ussr-Latitude-E5440" name="pomdesign.OrderPageTest" tests="3" failures="0" timestamp="10 Jul 2018 06:37:57 GMT" time="6.192" errors="0">
  <testcase name="goToOrderPage" time="2.410" classname="pomdesign.OrderPageTest"/>
  <testcase name="processTheLoginPage" time="2.799" classname="pomdesign.OrderPageTest"/>
  <testcase name="allOrdersVerification" time="0.983" classname="pomdesign.OrderPageTest"/>
</testsuite> <!-- pomdesign.OrderPageTest -->
