<?xml version="1.0" encoding="UTF-8"?>
<!-- Generated by org.testng.reporters.JUnitReportReporter -->
<testsuite skipped="0" hostname="ussr-Latitude-E5440" name="com.amazon.ListAmazonResults" tests="2" failures="0" timestamp="30 Jun 2018 16:30:44 GMT" time="26.677" errors="0">
  <testcase name="getAllProductsV2" time="0.007" classname="com.amazon.ListAmazonResults"/>
  <testcase name="getAllProductsV1" time="26.670" classname="com.amazon.ListAmazonResults"/>
</testsuite> <!-- com.amazon.ListAmazonResults -->
