<?xml version="1.0" encoding="UTF-8"?>
<!-- Generated by org.testng.reporters.JUnitReportReporter -->
<testsuite skipped="0" hostname="ussr-Latitude-E5440" name="com.WebTables.WebTables" tests="1" failures="0" timestamp="30 Jun 2018 20:16:28 GMT" time="1.443" errors="0">
  <testcase name="readScores" time="1.443" classname="com.WebTables.WebTables"/>
</testsuite> <!-- com.WebTables.WebTables -->
