<?xml version="1.0" encoding="UTF-8"?>
<!-- Generated by org.testng.reporters.JUnitReportReporter -->
<testsuite skipped="0" hostname="ussr-Latitude-E5440" name="com.zohoForms.WebElementsHW" tests="1" failures="0" timestamp="29 Jun 2018 17:38:55 GMT" time="12.960" errors="0">
  <testcase name="test1" time="12.960" classname="com.zohoForms.WebElementsHW"/>
</testsuite> <!-- com.zohoForms.WebElementsHW -->
