<?xml version="1.0" encoding="UTF-8"?>
<!-- Generated by org.testng.reporters.JUnitReportReporter -->
<testsuite skipped="0" hostname="ussr-Latitude-E5440" name="com.jobSearchTest.PersonalInfoTests" tests="2" failures="0" timestamp="24 Jun 2018 09:58:31 GMT" time="27.800" errors="0">
  <testcase name="submitFullApplication" time="27.145" classname="com.jobSearchTest.PersonalInfoTests"/>
  <testcase name="fullNameEmptyTest" time="0.655" classname="com.jobSearchTest.PersonalInfoTests"/>
</testsuite> <!-- com.jobSearchTest.PersonalInfoTests -->
