<?xml version="1.0" encoding="UTF-8"?>
<!-- Generated by org.testng.reporters.JUnitReportReporter -->
<testsuite skipped="0" hostname="ussr-Latitude-E5440" name="com.WebTables.WebTablesHw" tests="1" failures="0" timestamp="01 Jul 2018 04:26:52 GMT" time="668.780" errors="0">
  <testcase name="readScores" time="668.780" classname="com.WebTables.WebTablesHw"/>
</testsuite> <!-- com.WebTables.WebTablesHw -->
