<?xml version="1.0" encoding="UTF-8"?>
<!-- Generated by org.testng.reporters.JUnitReportReporter -->
<testsuite skipped="0" hostname="ussr-Latitude-E5440" name="com.amazon.ListAmazonResults" tests="2" failures="0" timestamp="30 Jun 2018 16:28:44 GMT" time="22.186" errors="0">
  <testcase name="getAllProductsV1" time="22.184" classname="com.amazon.ListAmazonResults"/>
  <testcase name="getAllProductsV2" time="0.002" classname="com.amazon.ListAmazonResults"/>
</testsuite> <!-- com.amazon.ListAmazonResults -->
