<?xml version="1.0" encoding="UTF-8"?>
<!-- Generated by org.testng.reporters.JUnitReportReporter -->
<testsuite skipped="1" hostname="ussr-Latitude-E5440" name="pomdesign.WebOrdersLogInTest" tests="3" failures="0" timestamp="08 Jul 2018 19:32:06 GMT" time="2.362" errors="0">
  <testcase name="positiveLoginUsingPOM" time="1.638" classname="pomdesign.WebOrdersLogInTest"/>
  <testcase name="invalidUsernameTest" time="0.724" classname="pomdesign.WebOrdersLogInTest"/>
  <testcase name="positiveLogIntest" classname="pomdesign.WebOrdersLogInTest">
    <skipped/>
  </testcase> <!-- positiveLogIntest -->
</testsuite> <!-- pomdesign.WebOrdersLogInTest -->
