<?xml version="1.0" encoding="UTF-8"?>
<!-- Generated by org.testng.reporters.JUnitReportReporter -->
<testsuite skipped="0" hostname="ussr-Latitude-E5440" name="pomdesign.OrderPageTest" tests="3" failures="0" timestamp="09 Jul 2018 18:54:34 GMT" time="4.650" errors="0">
  <testcase name="goToOrderPage" time="1.518" classname="pomdesign.OrderPageTest"/>
  <testcase name="processTheLoginPage" time="2.278" classname="pomdesign.OrderPageTest"/>
  <testcase name="allOrdersVerification" time="0.854" classname="pomdesign.OrderPageTest"/>
</testsuite> <!-- pomdesign.OrderPageTest -->
