<?xml version="1.0" encoding="UTF-8"?>
<!-- Generated by org.testng.reporters.JUnitReportReporter -->
<testsuite skipped="0" hostname="ussr-Latitude-E5440" name="com.jobSearchTest.PersonalInfoTests" tests="2" failures="0" timestamp="24 Jun 2018 10:07:54 GMT" time="21.130" errors="0">
  <testcase name="submitFullApplication" time="19.190" classname="com.jobSearchTest.PersonalInfoTests"/>
  <testcase name="fullNameEmptyTest" time="1.940" classname="com.jobSearchTest.PersonalInfoTests"/>
</testsuite> <!-- com.jobSearchTest.PersonalInfoTests -->
