<?xml version="1.0" encoding="UTF-8"?>
<!-- Generated by org.testng.reporters.JUnitReportReporter -->
<testsuite skipped="0" hostname="ussr-Latitude-E5440" name="com.prestashop.tests.PrestaShopTestNegative" tests="4" failures="0" timestamp="20 Jun 2018 18:26:21 GMT" time="36.344" errors="0">
  <testcase name="blankPassTest" time="9.651" classname="com.prestashop.tests.PrestaShopTestNegative"/>
  <testcase name="invalidEmailTest" time="8.444" classname="com.prestashop.tests.PrestaShopTestNegative"/>
  <testcase name="blankEmailTest" time="9.860" classname="com.prestashop.tests.PrestaShopTestNegative"/>
  <testcase name="wrongCredentialsTest" time="8.389" classname="com.prestashop.tests.PrestaShopTestNegative"/>
</testsuite> <!-- com.prestashop.tests.PrestaShopTestNegative -->
