<?xml version="1.0" encoding="UTF-8"?>
<!-- Generated by org.testng.reporters.JUnitReportReporter -->
<testsuite skipped="0" hostname="ussr-Latitude-E5440" name="com.prestashop.tests.PrestaShopTestNegative" tests="4" failures="0" timestamp="20 Jun 2018 18:32:32 GMT" time="35.935" errors="0">
  <testcase name="blankPassTest" time="9.304" classname="com.prestashop.tests.PrestaShopTestNegative"/>
  <testcase name="invalidEmailTest" time="8.858" classname="com.prestashop.tests.PrestaShopTestNegative"/>
  <testcase name="blankEmailTest" time="9.619" classname="com.prestashop.tests.PrestaShopTestNegative"/>
  <testcase name="wrongCredentialsTest" time="8.154" classname="com.prestashop.tests.PrestaShopTestNegative"/>
</testsuite> <!-- com.prestashop.tests.PrestaShopTestNegative -->
