<?xml version="1.0" encoding="UTF-8"?>
<!-- Generated by org.testng.reporters.JUnitReportReporter -->
<testsuite skipped="0" hostname="ussr-Latitude-E5440" name="com.prestashop.tests.PrestaShopTestPositive" tests="1" failures="0" timestamp="20 Jun 2018 18:34:40 GMT" time="35.901" errors="0">
  <testcase name="loginTest" time="35.901" classname="com.prestashop.tests.PrestaShopTestPositive"/>
</testsuite> <!-- com.prestashop.tests.PrestaShopTestPositive -->
