<?xml version="1.0" encoding="UTF-8"?>
<!-- Generated by org.testng.reporters.JUnitReportReporter -->
<testsuite skipped="0" hostname="ussr-Latitude-E5440" name="com.prestashop.tests.PrestaShopTest" tests="5" failures="0" timestamp="20 Jun 2018 18:13:45 GMT" time="72.794" errors="0">
  <testcase name="wrongCredentialsTest" time="8.663" classname="com.prestashop.tests.PrestaShopTest"/>
  <testcase name="blankEmailTest" time="11.468" classname="com.prestashop.tests.PrestaShopTest"/>
  <testcase name="loginTest" time="31.641" classname="com.prestashop.tests.PrestaShopTest"/>
  <testcase name="blankPassTest" time="8.807" classname="com.prestashop.tests.PrestaShopTest"/>
  <testcase name="invalidEmailTest" time="12.215" classname="com.prestashop.tests.PrestaShopTest"/>
</testsuite> <!-- com.prestashop.tests.PrestaShopTest -->
