<?xml version="1.0" encoding="UTF-8"?>
<!-- Generated by org.testng.reporters.JUnitReportReporter -->
<testsuite skipped="0" hostname="ussr-Latitude-E5440" name="youtubeSearcher.YoutubeSearcher" tests="1" failures="0" timestamp="03 Jul 2018 15:48:47 GMT" time="83.086" errors="0">
  <testcase name="test1" time="83.086" classname="youtubeSearcher.YoutubeSearcher"/>
</testsuite> <!-- youtubeSearcher.YoutubeSearcher -->
