<?xml version="1.0" encoding="UTF-8"?>
<!-- Generated by org.testng.reporters.JUnitReportReporter -->
<testsuite skipped="0" hostname="ussr-Latitude-E5440" name="youtubeSeo.YoutubeSearcher" tests="1" failures="0" timestamp="03 Jul 2018 14:22:54 GMT" time="19.686" errors="0">
  <testcase name="youtubeSearch" time="19.686" classname="youtubeSeo.YoutubeSearcher"/>
</testsuite> <!-- youtubeSeo.YoutubeSearcher -->
