<?xml version="1.0" encoding="UTF-8"?>
<!-- Generated by org.testng.reporters.JUnitReportReporter -->
<testsuite skipped="0" hostname="ussr-Latitude-E5440" name="com.ucar.MockarooTests" tests="15" failures="0" timestamp="29 Jun 2018 07:44:10 GMT" time="11.170" errors="0">
  <testcase name="test1" time="0.021" classname="com.ucar.MockarooTests"/>
  <testcase name="test2" time="0.273" classname="com.ucar.MockarooTests"/>
  <testcase name="test3" time="0.719" classname="com.ucar.MockarooTests"/>
  <testcase name="test4" time="0.212" classname="com.ucar.MockarooTests"/>
  <testcase name="test5" time="0.058" classname="com.ucar.MockarooTests"/>
  <testcase name="test6" time="0.053" classname="com.ucar.MockarooTests"/>
  <testcase name="test7" time="0.062" classname="com.ucar.MockarooTests"/>
  <testcase name="test8" time="0.067" classname="com.ucar.MockarooTests"/>
  <testcase name="test9" time="0.132" classname="com.ucar.MockarooTests"/>
  <testcase name="test10" time="3.085" classname="com.ucar.MockarooTests"/>
  <testcase name="test11" time="2.979" classname="com.ucar.MockarooTests"/>
  <testcase name="test12" time="3.455" classname="com.ucar.MockarooTests"/>
  <testcase name="test13" time="0.003" classname="com.ucar.MockarooTests"/>
  <testcase name="test14" time="0.049" classname="com.ucar.MockarooTests"/>
  <testcase name="test15" time="0.002" classname="com.ucar.MockarooTests"/>
</testsuite> <!-- com.ucar.MockarooTests -->
